<?xml version="1.0" encoding="UTF-8"?>
<!-- Generated by org.testng.reporters.JUnitXMLReporter -->
<testsuite ignored="2" hostname="DESKTOP-PASK6S8" failures="0" tests="3" name="FlipkartTesting" time="0.195" errors="0" timestamp="2024-05-29T15:12:26 IST">
  <testcase classname="base.BasePage" name="@BeforeSuite setUp" time="0.355">
    <failure type="java.lang.NullPointerException" message="Cannot invoke &amp;quot;com.aventstack.extentreports.ExtentReports.attachReporter(com.aventstack.extentreports.observer.ExtentObserver[])&amp;quot; because &amp;quot;base.BasePage.report&amp;quot; is null">
      <![CDATA[java.lang.NullPointerException: Cannot invoke "com.aventstack.extentreports.ExtentReports.attachReporter(com.aventstack.extentreports.observer.ExtentObserver[])" because "base.BasePage.report" is null
at base.BasePage.setUp(BasePage.java:31)
... Removed 19 stack frames]]>
    </failure>
  </testcase> <!-- @BeforeSuite setUp -->
  <testcase classname="testing.FlipkartTest" name="verifyPricesSortingOrder" time="0.0">
    <skipped/>
  </testcase> <!-- verifyPricesSortingOrder -->
  <testcase classname="testing.FlipkartTest" name="verifyProductNameandPriceinCart" time="0.0">
    <skipped/>
  </testcase> <!-- verifyProductNameandPriceinCart -->
  <testcase classname="testing.FlipkartTest" name="verifyTitleandHeading" time="0.005">
    <skipped/>
  </testcase> <!-- verifyTitleandHeading -->
  <testcase classname="base.BasePage" name="@BeforeSuite setUp" time="0.0">
    <ignored/>
  </testcase> <!-- @BeforeSuite setUp -->
  <testcase classname="base.BasePage" name="@AfterSuite closeBrowser" time="0.0">
    <ignored/>
  </testcase> <!-- @AfterSuite closeBrowser -->
</testsuite> <!-- FlipkartTesting -->
