<?xml version="1.0" encoding="UTF-8"?>
<!-- Generated by org.testng.reporters.JUnitXMLReporter -->
<testsuite ignored="0" hostname="DESKTOP-PASK6S8" failures="0" tests="3" name="Default test" time="40.952" errors="0" timestamp="2024-05-30T13:26:08 IST">
  <testcase classname="testing.FlipkartTest" name="verifyPricesSortingOrder" time="19.279"/>
  <testcase classname="testing.FlipkartTest" name="verifyProductNameandPriceinCart" time="14.817"/>
  <testcase classname="testing.FlipkartTest" name="verifyTitleandHeading" time="6.707"/>
</testsuite> <!-- Default test -->
