<?xml version="1.0" encoding="UTF-8"?>
<testng-results ignored="0" total="3" passed="3" failed="0" skipped="0">
  <reporter-output>
  </reporter-output>
  <suite started-at="2024-05-30T13:25:27 IST" name="Default suite" finished-at="2024-05-30T13:26:08 IST" duration-ms="40952">
    <groups>
    </groups>
    <test started-at="2024-05-30T13:25:27 IST" name="Default test" finished-at="2024-05-30T13:26:08 IST" duration-ms="40952">
      <class name="testing.FlipkartTest">
        <test-method is-config="true" signature="setUp()[pri:0, instance:testing.FlipkartTest@15043a2f]" started-at="2024-05-30T13:25:22 IST" name="setUp" finished-at="2024-05-30T13:25:27 IST" duration-ms="4792" status="PASS">
          <reporter-output>
          </reporter-output>
        </test-method> <!-- setUp -->
        <test-method signature="verifyPricesSortingOrder()[pri:0, instance:testing.FlipkartTest@15043a2f]" started-at="2024-05-30T13:25:27 IST" name="verifyPricesSortingOrder" finished-at="2024-05-30T13:25:46 IST" duration-ms="19279" status="PASS">
          <reporter-output>
          </reporter-output>
        </test-method> <!-- verifyPricesSortingOrder -->
        <test-method signature="verifyProductNameandPriceinCart()[pri:0, instance:testing.FlipkartTest@15043a2f]" started-at="2024-05-30T13:25:46 IST" name="verifyProductNameandPriceinCart" finished-at="2024-05-30T13:26:01 IST" duration-ms="14817" status="PASS">
          <reporter-output>
          </reporter-output>
        </test-method> <!-- verifyProductNameandPriceinCart -->
        <test-method signature="verifyTitleandHeading()[pri:0, instance:testing.FlipkartTest@15043a2f]" started-at="2024-05-30T13:26:01 IST" name="verifyTitleandHeading" finished-at="2024-05-30T13:26:08 IST" duration-ms="6707" status="PASS">
          <reporter-output>
          </reporter-output>
        </test-method> <!-- verifyTitleandHeading -->
        <test-method is-config="true" signature="closeBrowser()[pri:0, instance:testing.FlipkartTest@15043a2f]" started-at="2024-05-30T13:26:08 IST" name="closeBrowser" finished-at="2024-05-30T13:26:09 IST" duration-ms="1477" status="PASS">
          <reporter-output>
          </reporter-output>
        </test-method> <!-- closeBrowser -->
      </class> <!-- testing.FlipkartTest -->
    </test> <!-- Default test -->
  </suite> <!-- Default suite -->
</testng-results>
